   Compiling find-msvc-tools v0.1.4
   Compiling shlex v1.3.0
   Compiling pkg-config v0.3.32
   Compiling libc v0.2.177
   Compiling vcpkg v0.2.15
     Running `CARGO=/users/ddavis65/.rustup/toolchains/1.77.0-x86_64-unknown-linux-gnu/bin/cargo CARGO_CRATE_NAME=find_msvc_tools CARGO_MANIFEST_DIR=/users/ddavis65/.cargo/registry/src/index.crates.io-6f17d22bba15001f/find-msvc-tools-0.1.4 CARGO_PKG_AUTHORS='' CARGO_PKG_DESCRIPTION='Find windows-specific tools, read MSVC versions from the registry and from COM interfaces' CARGO_PKG_HOMEPAGE='' CARGO_PKG_LICENSE='MIT OR Apache-2.0' CARGO_PKG_LICENSE_FILE='' CARGO_PKG_NAME=find-msvc-tools CARGO_PKG_README=README.md CARGO_PKG_REPOSITORY='https://github.com/rust-lang/cc-rs' CARGO_PKG_RUST_VERSION=1.63 CARGO_PKG_VERSION=0.1.4 CARGO_PKG_VERSION_MAJOR=0 CARGO_PKG_VERSION_MINOR=1 CARGO_PKG_VERSION_PATCH=4 CARGO_PKG_VERSION_PRE='' LD_LIBRARY_PATH='/users/ddavis65/zdriver/target/release/deps:/users/ddavis65/.rustup/toolchains/1.77.0-x86_64-unknown-linux-gnu/lib:/users/ddavis65/.rustup/toolchains/1.77.0-x86_64-unknown-linux-gnu/lib' /users/ddavis65/.rustup/toolchains/1.77.0-x86_64-unknown-linux-gnu/bin/rustc --crate-name find_msvc_tools --edition=2018 /users/ddavis65/.cargo/registry/src/index.crates.io-6f17d22bba15001f/find-msvc-tools-0.1.4/src/lib.rs --error-format=json --json=diagnostic-rendered-ansi,artifacts,future-incompat --crate-type lib --emit=dep-info,metadata,link -C embed-bitcode=no --allow=unexpected_cfgs -C debug-assertions=off -C metadata=8290dcab9f5277e2 -C extra-filename=-8290dcab9f5277e2 --out-dir /users/ddavis65/zdriver/target/release/deps -C strip=debuginfo -L dependency=/users/ddavis65/zdriver/target/release/deps --cap-lints warn -C linker-plugin-lto -C opt-level=3 -C codegen-units=1 -C linker=clang-17 -C link-arg=-fuse-ld=lld -C link-arg=-Wl,--lto-O3 -C link-arg=-Wl,--time-trace`
     Running `CARGO=/users/ddavis65/.rustup/toolchains/1.77.0-x86_64-unknown-linux-gnu/bin/cargo CARGO_CRATE_NAME=shlex CARGO_MANIFEST_DIR=/users/ddavis65/.cargo/registry/src/index.crates.io-6f17d22bba15001f/shlex-1.3.0 CARGO_PKG_AUTHORS='comex <comexk@gmail.com>:Fenhl <fenhl@fenhl.net>:Adrian Taylor <adetaylor@chromium.org>:Alex Touchet <alextouchet@outlook.com>:Daniel Parks <dp+git@oxidized.org>:Garrett Berg <googberg@gmail.com>' CARGO_PKG_DESCRIPTION='Split a string into shell words, like Python'\''s shlex.' CARGO_PKG_HOMEPAGE='' CARGO_PKG_LICENSE='MIT OR Apache-2.0' CARGO_PKG_LICENSE_FILE='' CARGO_PKG_NAME=shlex CARGO_PKG_README=README.md CARGO_PKG_REPOSITORY='https://github.com/comex/rust-shlex' CARGO_PKG_RUST_VERSION=1.46.0 CARGO_PKG_VERSION=1.3.0 CARGO_PKG_VERSION_MAJOR=1 CARGO_PKG_VERSION_MINOR=3 CARGO_PKG_VERSION_PATCH=0 CARGO_PKG_VERSION_PRE='' LD_LIBRARY_PATH='/users/ddavis65/zdriver/target/release/deps:/users/ddavis65/.rustup/toolchains/1.77.0-x86_64-unknown-linux-gnu/lib:/users/ddavis65/.rustup/toolchains/1.77.0-x86_64-unknown-linux-gnu/lib' /users/ddavis65/.rustup/toolchains/1.77.0-x86_64-unknown-linux-gnu/bin/rustc --crate-name shlex /users/ddavis65/.cargo/registry/src/index.crates.io-6f17d22bba15001f/shlex-1.3.0/src/lib.rs --error-format=json --json=diagnostic-rendered-ansi,artifacts,future-incompat --crate-type lib --emit=dep-info,metadata,link -C embed-bitcode=no -C debug-assertions=off --cfg 'feature="default"' --cfg 'feature="std"' -C metadata=d8d2682c0c391a63 -C extra-filename=-d8d2682c0c391a63 --out-dir /users/ddavis65/zdriver/target/release/deps -C strip=debuginfo -L dependency=/users/ddavis65/zdriver/target/release/deps --cap-lints warn -C linker-plugin-lto -C opt-level=3 -C codegen-units=1 -C linker=clang-17 -C link-arg=-fuse-ld=lld -C link-arg=-Wl,--lto-O3 -C link-arg=-Wl,--time-trace`
     Running `CARGO=/users/ddavis65/.rustup/toolchains/1.77.0-x86_64-unknown-linux-gnu/bin/cargo CARGO_CRATE_NAME=vcpkg CARGO_MANIFEST_DIR=/users/ddavis65/.cargo/registry/src/index.crates.io-6f17d22bba15001f/vcpkg-0.2.15 CARGO_PKG_AUTHORS='Jim McGrath <jimmc2@gmail.com>' CARGO_PKG_DESCRIPTION='A library to find native dependencies in a vcpkg tree at build
time in order to be used in Cargo build scripts.
' CARGO_PKG_HOMEPAGE='' CARGO_PKG_LICENSE=MIT/Apache-2.0 CARGO_PKG_LICENSE_FILE='' CARGO_PKG_NAME=vcpkg CARGO_PKG_README=README.md CARGO_PKG_REPOSITORY='https://github.com/mcgoo/vcpkg-rs' CARGO_PKG_RUST_VERSION='' CARGO_PKG_VERSION=0.2.15 CARGO_PKG_VERSION_MAJOR=0 CARGO_PKG_VERSION_MINOR=2 CARGO_PKG_VERSION_PATCH=15 CARGO_PKG_VERSION_PRE='' LD_LIBRARY_PATH='/users/ddavis65/zdriver/target/release/deps:/users/ddavis65/.rustup/toolchains/1.77.0-x86_64-unknown-linux-gnu/lib:/users/ddavis65/.rustup/toolchains/1.77.0-x86_64-unknown-linux-gnu/lib' /users/ddavis65/.rustup/toolchains/1.77.0-x86_64-unknown-linux-gnu/bin/rustc --crate-name vcpkg /users/ddavis65/.cargo/registry/src/index.crates.io-6f17d22bba15001f/vcpkg-0.2.15/src/lib.rs --error-format=json --json=diagnostic-rendered-ansi,artifacts,future-incompat --crate-type lib --emit=dep-info,metadata,link -C embed-bitcode=no -C debug-assertions=off -C metadata=8aaf494142629525 -C extra-filename=-8aaf494142629525 --out-dir /users/ddavis65/zdriver/target/release/deps -C strip=debuginfo -L dependency=/users/ddavis65/zdriver/target/release/deps --cap-lints warn -C linker-plugin-lto -C opt-level=3 -C codegen-units=1 -C linker=clang-17 -C link-arg=-fuse-ld=lld -C link-arg=-Wl,--lto-O3 -C link-arg=-Wl,--time-trace`
     Running `CARGO=/users/ddavis65/.rustup/toolchains/1.77.0-x86_64-unknown-linux-gnu/bin/cargo CARGO_CRATE_NAME=build_script_build CARGO_MANIFEST_DIR=/users/ddavis65/.cargo/registry/src/index.crates.io-6f17d22bba15001f/libc-0.2.177 CARGO_PKG_AUTHORS='The Rust Project Developers' CARGO_PKG_DESCRIPTION='Raw FFI bindings to platform libraries like libc.' CARGO_PKG_HOMEPAGE='' CARGO_PKG_LICENSE='MIT OR Apache-2.0' CARGO_PKG_LICENSE_FILE='' CARGO_PKG_NAME=libc CARGO_PKG_README=README.md CARGO_PKG_REPOSITORY='https://github.com/rust-lang/libc' CARGO_PKG_RUST_VERSION=1.63 CARGO_PKG_VERSION=0.2.177 CARGO_PKG_VERSION_MAJOR=0 CARGO_PKG_VERSION_MINOR=2 CARGO_PKG_VERSION_PATCH=177 CARGO_PKG_VERSION_PRE='' LD_LIBRARY_PATH='/users/ddavis65/zdriver/target/release/deps:/users/ddavis65/.rustup/toolchains/1.77.0-x86_64-unknown-linux-gnu/lib:/users/ddavis65/.rustup/toolchains/1.77.0-x86_64-unknown-linux-gnu/lib' /users/ddavis65/.rustup/toolchains/1.77.0-x86_64-unknown-linux-gnu/bin/rustc --crate-name build_script_build --edition=2021 /users/ddavis65/.cargo/registry/src/index.crates.io-6f17d22bba15001f/libc-0.2.177/build.rs --error-format=json --json=diagnostic-rendered-ansi,artifacts,future-incompat --crate-type bin --emit=dep-info,link -C embed-bitcode=no '--allow=clippy::used_underscore_binding' --allow=unused_qualifications '--warn=clippy::unnecessary_semicolon' '--allow=clippy::unnecessary_cast' '--allow=clippy::uninlined_format_args' '--warn=clippy::ptr_as_ptr' '--allow=clippy::non_minimal_cfg' '--allow=clippy::missing_safety_doc' '--warn=clippy::map_unwrap_or' '--warn=clippy::manual_assert' '--allow=clippy::identity_op' '--warn=clippy::explicit_iter_loop' '--allow=clippy::expl_impl_clone_on_copy' -C debug-assertions=off --cfg 'feature="default"' --cfg 'feature="std"' -C metadata=9e4bb2f7ccf4033c -C extra-filename=-9e4bb2f7ccf4033c --out-dir /users/ddavis65/zdriver/target/release/build/libc-9e4bb2f7ccf4033c -C strip=debuginfo -L dependency=/users/ddavis65/zdriver/target/release/deps --cap-lints warn -C linker-plugin-lto -C opt-level=3 -C codegen-units=1 -C linker=clang-17 -C link-arg=-fuse-ld=lld -C link-arg=-Wl,--lto-O3 -C link-arg=-Wl,--time-trace`
     Running `CARGO=/users/ddavis65/.rustup/toolchains/1.77.0-x86_64-unknown-linux-gnu/bin/cargo CARGO_CRATE_NAME=pkg_config CARGO_MANIFEST_DIR=/users/ddavis65/.cargo/registry/src/index.crates.io-6f17d22bba15001f/pkg-config-0.3.32 CARGO_PKG_AUTHORS='Alex Crichton <alex@alexcrichton.com>' CARGO_PKG_DESCRIPTION='A library to run the pkg-config system tool at build time in order to be used in
Cargo build scripts.
' CARGO_PKG_HOMEPAGE='' CARGO_PKG_LICENSE='MIT OR Apache-2.0' CARGO_PKG_LICENSE_FILE='' CARGO_PKG_NAME=pkg-config CARGO_PKG_README=README.md CARGO_PKG_REPOSITORY='https://github.com/rust-lang/pkg-config-rs' CARGO_PKG_RUST_VERSION=1.31 CARGO_PKG_VERSION=0.3.32 CARGO_PKG_VERSION_MAJOR=0 CARGO_PKG_VERSION_MINOR=3 CARGO_PKG_VERSION_PATCH=32 CARGO_PKG_VERSION_PRE='' LD_LIBRARY_PATH='/users/ddavis65/zdriver/target/release/deps:/users/ddavis65/.rustup/toolchains/1.77.0-x86_64-unknown-linux-gnu/lib:/users/ddavis65/.rustup/toolchains/1.77.0-x86_64-unknown-linux-gnu/lib' /users/ddavis65/.rustup/toolchains/1.77.0-x86_64-unknown-linux-gnu/bin/rustc --crate-name pkg_config --edition=2018 /users/ddavis65/.cargo/registry/src/index.crates.io-6f17d22bba15001f/pkg-config-0.3.32/src/lib.rs --error-format=json --json=diagnostic-rendered-ansi,artifacts,future-incompat --crate-type lib --emit=dep-info,metadata,link -C embed-bitcode=no -C debug-assertions=off -C metadata=39c8f62707d3f5be -C extra-filename=-39c8f62707d3f5be --out-dir /users/ddavis65/zdriver/target/release/deps -C strip=debuginfo -L dependency=/users/ddavis65/zdriver/target/release/deps --cap-lints warn -C linker-plugin-lto -C opt-level=3 -C codegen-units=1 -C linker=clang-17 -C link-arg=-fuse-ld=lld -C link-arg=-Wl,--lto-O3 -C link-arg=-Wl,--time-trace`
   Compiling cc v1.2.43
     Running `CARGO=/users/ddavis65/.rustup/toolchains/1.77.0-x86_64-unknown-linux-gnu/bin/cargo CARGO_CRATE_NAME=cc CARGO_MANIFEST_DIR=/users/ddavis65/.cargo/registry/src/index.crates.io-6f17d22bba15001f/cc-1.2.43 CARGO_PKG_AUTHORS='Alex Crichton <alex@alexcrichton.com>' CARGO_PKG_DESCRIPTION='A build-time dependency for Cargo build scripts to assist in invoking the native
C compiler to compile native C code into a static archive to be linked into Rust
code.
' CARGO_PKG_HOMEPAGE='https://github.com/rust-lang/cc-rs' CARGO_PKG_LICENSE='MIT OR Apache-2.0' CARGO_PKG_LICENSE_FILE='' CARGO_PKG_NAME=cc CARGO_PKG_README=README.md CARGO_PKG_REPOSITORY='https://github.com/rust-lang/cc-rs' CARGO_PKG_RUST_VERSION=1.63 CARGO_PKG_VERSION=1.2.43 CARGO_PKG_VERSION_MAJOR=1 CARGO_PKG_VERSION_MINOR=2 CARGO_PKG_VERSION_PATCH=43 CARGO_PKG_VERSION_PRE='' LD_LIBRARY_PATH='/users/ddavis65/zdriver/target/release/deps:/users/ddavis65/.rustup/toolchains/1.77.0-x86_64-unknown-linux-gnu/lib:/users/ddavis65/.rustup/toolchains/1.77.0-x86_64-unknown-linux-gnu/lib' /users/ddavis65/.rustup/toolchains/1.77.0-x86_64-unknown-linux-gnu/bin/rustc --crate-name cc --edition=2018 /users/ddavis65/.cargo/registry/src/index.crates.io-6f17d22bba15001f/cc-1.2.43/src/lib.rs --error-format=json --json=diagnostic-rendered-ansi,artifacts,future-incompat --crate-type lib --emit=dep-info,metadata,link -C embed-bitcode=no --allow=unexpected_cfgs -C debug-assertions=off -C metadata=cd882b10ee3d6886 -C extra-filename=-cd882b10ee3d6886 --out-dir /users/ddavis65/zdriver/target/release/deps -C strip=debuginfo -L dependency=/users/ddavis65/zdriver/target/release/deps --extern find_msvc_tools=/users/ddavis65/zdriver/target/release/deps/libfind_msvc_tools-8290dcab9f5277e2.rmeta --extern shlex=/users/ddavis65/zdriver/target/release/deps/libshlex-d8d2682c0c391a63.rmeta --cap-lints warn -C linker-plugin-lto -C opt-level=3 -C codegen-units=1 -C linker=clang-17 -C link-arg=-fuse-ld=lld -C link-arg=-Wl,--lto-O3 -C link-arg=-Wl,--time-trace`
     Running `CARGO=/users/ddavis65/.rustup/toolchains/1.77.0-x86_64-unknown-linux-gnu/bin/cargo CARGO_CFG_PANIC=unwind CARGO_CFG_TARGET_ARCH=x86_64 CARGO_CFG_TARGET_ENDIAN=little CARGO_CFG_TARGET_ENV=gnu CARGO_CFG_TARGET_FAMILY=unix CARGO_CFG_TARGET_FEATURE=fxsr,sse,sse2 CARGO_CFG_TARGET_HAS_ATOMIC=16,32,64,8,ptr CARGO_CFG_TARGET_OS=linux CARGO_CFG_TARGET_POINTER_WIDTH=64 CARGO_CFG_TARGET_VENDOR=unknown CARGO_CFG_UNIX='' CARGO_ENCODED_RUSTFLAGS='-Clinker-plugin-lto-Copt-level=3-Ccodegen-units=1-Clinker=clang-17-Clink-arg=-fuse-ld=lld-Clink-arg=-Wl,--lto-O3-Clink-arg=-Wl,--time-trace' CARGO_FEATURE_DEFAULT=1 CARGO_FEATURE_STD=1 CARGO_MANIFEST_DIR=/users/ddavis65/.cargo/registry/src/index.crates.io-6f17d22bba15001f/libc-0.2.177 CARGO_PKG_AUTHORS='The Rust Project Developers' CARGO_PKG_DESCRIPTION='Raw FFI bindings to platform libraries like libc.' CARGO_PKG_HOMEPAGE='' CARGO_PKG_LICENSE='MIT OR Apache-2.0' CARGO_PKG_LICENSE_FILE='' CARGO_PKG_NAME=libc CARGO_PKG_README=README.md CARGO_PKG_REPOSITORY='https://github.com/rust-lang/libc' CARGO_PKG_RUST_VERSION=1.63 CARGO_PKG_VERSION=0.2.177 CARGO_PKG_VERSION_MAJOR=0 CARGO_PKG_VERSION_MINOR=2 CARGO_PKG_VERSION_PATCH=177 CARGO_PKG_VERSION_PRE='' DEBUG=false HOST=x86_64-unknown-linux-gnu LD_LIBRARY_PATH='/users/ddavis65/zdriver/target/release/deps:/users/ddavis65/zdriver/target/release:/users/ddavis65/.rustup/toolchains/1.77.0-x86_64-unknown-linux-gnu/lib/rustlib/x86_64-unknown-linux-gnu/lib:/users/ddavis65/.rustup/toolchains/1.77.0-x86_64-unknown-linux-gnu/lib' NUM_JOBS=32 OPT_LEVEL=3 OUT_DIR=/users/ddavis65/zdriver/target/release/build/libc-d387cd4ba071c6a5/out PROFILE=release RUSTC=/users/ddavis65/.rustup/toolchains/1.77.0-x86_64-unknown-linux-gnu/bin/rustc RUSTDOC=/users/ddavis65/.rustup/toolchains/1.77.0-x86_64-unknown-linux-gnu/bin/rustdoc TARGET=x86_64-unknown-linux-gnu /users/ddavis65/zdriver/target/release/build/libc-9e4bb2f7ccf4033c/build-script-build`
[libc 0.2.177] cargo:rerun-if-changed=build.rs
[libc 0.2.177] cargo:rerun-if-env-changed=RUST_LIBC_UNSTABLE_FREEBSD_VERSION
[libc 0.2.177] cargo:rustc-cfg=freebsd12
[libc 0.2.177] cargo:rerun-if-env-changed=RUST_LIBC_UNSTABLE_MUSL_V1_2_3
[libc 0.2.177] cargo:rerun-if-env-changed=RUST_LIBC_UNSTABLE_LINUX_TIME_BITS64
[libc 0.2.177] cargo:rerun-if-env-changed=RUST_LIBC_UNSTABLE_GNU_FILE_OFFSET_BITS
[libc 0.2.177] cargo:rerun-if-env-changed=RUST_LIBC_UNSTABLE_GNU_TIME_BITS
     Running `CARGO=/users/ddavis65/.rustup/toolchains/1.77.0-x86_64-unknown-linux-gnu/bin/cargo CARGO_CRATE_NAME=libc CARGO_MANIFEST_DIR=/users/ddavis65/.cargo/registry/src/index.crates.io-6f17d22bba15001f/libc-0.2.177 CARGO_PKG_AUTHORS='The Rust Project Developers' CARGO_PKG_DESCRIPTION='Raw FFI bindings to platform libraries like libc.' CARGO_PKG_HOMEPAGE='' CARGO_PKG_LICENSE='MIT OR Apache-2.0' CARGO_PKG_LICENSE_FILE='' CARGO_PKG_NAME=libc CARGO_PKG_README=README.md CARGO_PKG_REPOSITORY='https://github.com/rust-lang/libc' CARGO_PKG_RUST_VERSION=1.63 CARGO_PKG_VERSION=0.2.177 CARGO_PKG_VERSION_MAJOR=0 CARGO_PKG_VERSION_MINOR=2 CARGO_PKG_VERSION_PATCH=177 CARGO_PKG_VERSION_PRE='' LD_LIBRARY_PATH='/users/ddavis65/zdriver/target/release/deps:/users/ddavis65/.rustup/toolchains/1.77.0-x86_64-unknown-linux-gnu/lib:/users/ddavis65/.rustup/toolchains/1.77.0-x86_64-unknown-linux-gnu/lib' OUT_DIR=/users/ddavis65/zdriver/target/release/build/libc-d387cd4ba071c6a5/out /users/ddavis65/.rustup/toolchains/1.77.0-x86_64-unknown-linux-gnu/bin/rustc --crate-name libc --edition=2021 /users/ddavis65/.cargo/registry/src/index.crates.io-6f17d22bba15001f/libc-0.2.177/src/lib.rs --error-format=json --json=diagnostic-rendered-ansi,artifacts,future-incompat --crate-type lib --emit=dep-info,metadata,link -C opt-level=3 -C embed-bitcode=no '--allow=clippy::used_underscore_binding' --allow=unused_qualifications '--warn=clippy::unnecessary_semicolon' '--allow=clippy::unnecessary_cast' '--allow=clippy::uninlined_format_args' '--warn=clippy::ptr_as_ptr' '--allow=clippy::non_minimal_cfg' '--allow=clippy::missing_safety_doc' '--warn=clippy::map_unwrap_or' '--warn=clippy::manual_assert' '--allow=clippy::identity_op' '--warn=clippy::explicit_iter_loop' '--allow=clippy::expl_impl_clone_on_copy' --cfg 'feature="default"' --cfg 'feature="std"' -C metadata=25fa7b873cc23f37 -C extra-filename=-25fa7b873cc23f37 --out-dir /users/ddavis65/zdriver/target/release/deps -C strip=debuginfo -L dependency=/users/ddavis65/zdriver/target/release/deps --cap-lints warn -C linker-plugin-lto -C opt-level=3 -C codegen-units=1 -C linker=clang-17 -C link-arg=-fuse-ld=lld -C link-arg=-Wl,--lto-O3 -C link-arg=-Wl,--time-trace --cfg freebsd12`
   Compiling libz-sys v1.1.22 (/users/ddavis65/libz-sys)
     Running `CARGO=/users/ddavis65/.rustup/toolchains/1.77.0-x86_64-unknown-linux-gnu/bin/cargo CARGO_CRATE_NAME=build_script_build CARGO_MANIFEST_DIR=/users/ddavis65/libz-sys CARGO_PKG_AUTHORS='Alex Crichton <alex@alexcrichton.com>:Josh Triplett <josh@joshtriplett.org>:Sebastian Thiel <sebastian.thiel@icloud.com>' CARGO_PKG_DESCRIPTION='Low-level bindings to the system libz library (also known as zlib).' CARGO_PKG_HOMEPAGE='' CARGO_PKG_LICENSE='MIT OR Apache-2.0' CARGO_PKG_LICENSE_FILE='' CARGO_PKG_NAME=libz-sys CARGO_PKG_README=README.md CARGO_PKG_REPOSITORY='https://github.com/rust-lang/libz-sys' CARGO_PKG_RUST_VERSION='' CARGO_PKG_VERSION=1.1.22 CARGO_PKG_VERSION_MAJOR=1 CARGO_PKG_VERSION_MINOR=1 CARGO_PKG_VERSION_PATCH=22 CARGO_PKG_VERSION_PRE='' LD_LIBRARY_PATH='/users/ddavis65/zdriver/target/release/deps:/users/ddavis65/.rustup/toolchains/1.77.0-x86_64-unknown-linux-gnu/lib:/users/ddavis65/.rustup/toolchains/1.77.0-x86_64-unknown-linux-gnu/lib' /users/ddavis65/.rustup/toolchains/1.77.0-x86_64-unknown-linux-gnu/bin/rustc --crate-name build_script_build --edition=2018 /users/ddavis65/libz-sys/build.rs --error-format=json --json=diagnostic-rendered-ansi,artifacts,future-incompat --crate-type bin --emit=dep-info,link -C embed-bitcode=no --warn=unexpected_cfgs -C debug-assertions=off --cfg 'feature="libc"' --cfg 'feature="static"' -C metadata=f8327ff867ff55cf -C extra-filename=-f8327ff867ff55cf --out-dir /users/ddavis65/zdriver/target/release/build/libz-sys-f8327ff867ff55cf -C strip=debuginfo -L dependency=/users/ddavis65/zdriver/target/release/deps --extern cc=/users/ddavis65/zdriver/target/release/deps/libcc-cd882b10ee3d6886.rlib --extern pkg_config=/users/ddavis65/zdriver/target/release/deps/libpkg_config-39c8f62707d3f5be.rlib --extern vcpkg=/users/ddavis65/zdriver/target/release/deps/libvcpkg-8aaf494142629525.rlib -C linker-plugin-lto -C opt-level=3 -C codegen-units=1 -C linker=clang-17 -C link-arg=-fuse-ld=lld -C link-arg=-Wl,--lto-O3 -C link-arg=-Wl,--time-trace`
     Running `CARGO=/users/ddavis65/.rustup/toolchains/1.77.0-x86_64-unknown-linux-gnu/bin/cargo CARGO_CFG_PANIC=unwind CARGO_CFG_TARGET_ARCH=x86_64 CARGO_CFG_TARGET_ENDIAN=little CARGO_CFG_TARGET_ENV=gnu CARGO_CFG_TARGET_FAMILY=unix CARGO_CFG_TARGET_FEATURE=fxsr,sse,sse2 CARGO_CFG_TARGET_HAS_ATOMIC=16,32,64,8,ptr CARGO_CFG_TARGET_OS=linux CARGO_CFG_TARGET_POINTER_WIDTH=64 CARGO_CFG_TARGET_VENDOR=unknown CARGO_CFG_UNIX='' CARGO_ENCODED_RUSTFLAGS='-Clinker-plugin-lto-Copt-level=3-Ccodegen-units=1-Clinker=clang-17-Clink-arg=-fuse-ld=lld-Clink-arg=-Wl,--lto-O3-Clink-arg=-Wl,--time-trace' CARGO_FEATURE_LIBC=1 CARGO_FEATURE_STATIC=1 CARGO_MANIFEST_DIR=/users/ddavis65/libz-sys CARGO_MANIFEST_LINKS=z CARGO_PKG_AUTHORS='Alex Crichton <alex@alexcrichton.com>:Josh Triplett <josh@joshtriplett.org>:Sebastian Thiel <sebastian.thiel@icloud.com>' CARGO_PKG_DESCRIPTION='Low-level bindings to the system libz library (also known as zlib).' CARGO_PKG_HOMEPAGE='' CARGO_PKG_LICENSE='MIT OR Apache-2.0' CARGO_PKG_LICENSE_FILE='' CARGO_PKG_NAME=libz-sys CARGO_PKG_README=README.md CARGO_PKG_REPOSITORY='https://github.com/rust-lang/libz-sys' CARGO_PKG_RUST_VERSION='' CARGO_PKG_VERSION=1.1.22 CARGO_PKG_VERSION_MAJOR=1 CARGO_PKG_VERSION_MINOR=1 CARGO_PKG_VERSION_PATCH=22 CARGO_PKG_VERSION_PRE='' DEBUG=false HOST=x86_64-unknown-linux-gnu LD_LIBRARY_PATH='/users/ddavis65/zdriver/target/release/deps:/users/ddavis65/zdriver/target/release:/users/ddavis65/.rustup/toolchains/1.77.0-x86_64-unknown-linux-gnu/lib/rustlib/x86_64-unknown-linux-gnu/lib:/users/ddavis65/.rustup/toolchains/1.77.0-x86_64-unknown-linux-gnu/lib' NUM_JOBS=32 OPT_LEVEL=3 OUT_DIR=/users/ddavis65/zdriver/target/release/build/libz-sys-2b6f2cbf997d1826/out PROFILE=release RUSTC=/users/ddavis65/.rustup/toolchains/1.77.0-x86_64-unknown-linux-gnu/bin/rustc RUSTDOC=/users/ddavis65/.rustup/toolchains/1.77.0-x86_64-unknown-linux-gnu/bin/rustdoc TARGET=x86_64-unknown-linux-gnu /users/ddavis65/zdriver/target/release/build/libz-sys-f8327ff867ff55cf/build-script-build`
[libz-sys 1.1.22] cargo:rerun-if-env-changed=LIBZ_SYS_STATIC
[libz-sys 1.1.22] cargo:rerun-if-changed=build.rs
[libz-sys 1.1.22] cargo:rerun-if-changed=zng/cmake.rs
[libz-sys 1.1.22] cargo:rerun-if-changed=zng/cc.rs
[libz-sys 1.1.22] OPT_LEVEL = Some(3)
[libz-sys 1.1.22] TARGET = Some(x86_64-unknown-linux-gnu)
[libz-sys 1.1.22] CARGO_ENCODED_RUSTFLAGS = Some(-Clinker-plugin-lto-Copt-level=3-Ccodegen-units=1-Clinker=clang-17-Clink-arg=-fuse-ld=lld-Clink-arg=-Wl,--lto-O3-Clink-arg=-Wl,--time-trace)
[libz-sys 1.1.22] PATH = Some(/users/ddavis65/.local/bin:/users/ddavis65/.cargo/bin:/usr/local/sbin:/usr/local/bin:/usr/sbin:/usr/bin:/sbin:/bin:/usr/games:/usr/local/games:/snap/bin)
[libz-sys 1.1.22] HOST = Some(x86_64-unknown-linux-gnu)
[libz-sys 1.1.22] cargo:rerun-if-env-changed=CC_x86_64-unknown-linux-gnu
[libz-sys 1.1.22] CC_x86_64-unknown-linux-gnu = None
[libz-sys 1.1.22] cargo:rerun-if-env-changed=CC_x86_64_unknown_linux_gnu
[libz-sys 1.1.22] CC_x86_64_unknown_linux_gnu = Some(clang-17)
[libz-sys 1.1.22] cargo:rerun-if-env-changed=CC_KNOWN_WRAPPER_CUSTOM
[libz-sys 1.1.22] CC_KNOWN_WRAPPER_CUSTOM = None
[libz-sys 1.1.22] RUSTC_WRAPPER = None
[libz-sys 1.1.22] cargo:rerun-if-env-changed=CC_ENABLE_DEBUG_OUTPUT
[libz-sys 1.1.22] cargo:rerun-if-env-changed=CRATE_CC_NO_DEFAULTS
[libz-sys 1.1.22] CRATE_CC_NO_DEFAULTS = None
[libz-sys 1.1.22] DEBUG = Some(false)
[libz-sys 1.1.22] cargo:rerun-if-env-changed=CFLAGS
[libz-sys 1.1.22] CFLAGS = Some(-O3 -g -flto=thin)
[libz-sys 1.1.22] cargo:rerun-if-env-changed=CC_SHELL_ESCAPED_FLAGS
[libz-sys 1.1.22] CC_SHELL_ESCAPED_FLAGS = None
[libz-sys 1.1.22] cargo:rerun-if-env-changed=HOST_CFLAGS
[libz-sys 1.1.22] HOST_CFLAGS = None
[libz-sys 1.1.22] cargo:rerun-if-env-changed=CFLAGS_x86_64_unknown_linux_gnu
[libz-sys 1.1.22] CFLAGS_x86_64_unknown_linux_gnu = Some(-O3 -g -flto=thin)
[libz-sys 1.1.22] cargo:rerun-if-env-changed=CFLAGS_x86_64-unknown-linux-gnu
[libz-sys 1.1.22] CFLAGS_x86_64-unknown-linux-gnu = None
[libz-sys 1.1.22] OUT_DIR = Some(/users/ddavis65/zdriver/target/release/build/libz-sys-2b6f2cbf997d1826/out)
[libz-sys 1.1.22] cargo:rerun-if-env-changed=CC_ENABLE_DEBUG_OUTPUT
[libz-sys 1.1.22] cargo:rerun-if-env-changed=CRATE_CC_NO_DEFAULTS
[libz-sys 1.1.22] CRATE_CC_NO_DEFAULTS = None
[libz-sys 1.1.22] TARGET = Some(x86_64-unknown-linux-gnu)
[libz-sys 1.1.22] HOST = Some(x86_64-unknown-linux-gnu)
[libz-sys 1.1.22] cargo:rerun-if-env-changed=CFLAGS
[libz-sys 1.1.22] CFLAGS = Some(-O3 -g -flto=thin)
[libz-sys 1.1.22] cargo:rerun-if-env-changed=CC_SHELL_ESCAPED_FLAGS
[libz-sys 1.1.22] CC_SHELL_ESCAPED_FLAGS = None
[libz-sys 1.1.22] cargo:rerun-if-env-changed=HOST_CFLAGS
[libz-sys 1.1.22] HOST_CFLAGS = None
[libz-sys 1.1.22] cargo:rerun-if-env-changed=CFLAGS_x86_64_unknown_linux_gnu
[libz-sys 1.1.22] CFLAGS_x86_64_unknown_linux_gnu = Some(-O3 -g -flto=thin)
[libz-sys 1.1.22] cargo:rerun-if-env-changed=CFLAGS_x86_64-unknown-linux-gnu
[libz-sys 1.1.22] CFLAGS_x86_64-unknown-linux-gnu = None
[libz-sys 1.1.22] cargo:rerun-if-env-changed=AR_x86_64-unknown-linux-gnu
[libz-sys 1.1.22] AR_x86_64-unknown-linux-gnu = None
[libz-sys 1.1.22] cargo:rerun-if-env-changed=AR_x86_64_unknown_linux_gnu
[libz-sys 1.1.22] AR_x86_64_unknown_linux_gnu = Some(llvm-ar-17)
[libz-sys 1.1.22] cargo:rerun-if-env-changed=ARFLAGS
[libz-sys 1.1.22] ARFLAGS = None
[libz-sys 1.1.22] cargo:rerun-if-env-changed=HOST_ARFLAGS
[libz-sys 1.1.22] HOST_ARFLAGS = None
[libz-sys 1.1.22] cargo:rerun-if-env-changed=ARFLAGS_x86_64_unknown_linux_gnu
[libz-sys 1.1.22] ARFLAGS_x86_64_unknown_linux_gnu = None
[libz-sys 1.1.22] cargo:rerun-if-env-changed=ARFLAGS_x86_64-unknown-linux-gnu
[libz-sys 1.1.22] ARFLAGS_x86_64-unknown-linux-gnu = None
[libz-sys 1.1.22] cargo:rustc-link-lib=static=z
[libz-sys 1.1.22] cargo:rustc-link-search=native=/users/ddavis65/zdriver/target/release/build/libz-sys-2b6f2cbf997d1826/out/lib
[libz-sys 1.1.22] cargo:root=/users/ddavis65/zdriver/target/release/build/libz-sys-2b6f2cbf997d1826/out
[libz-sys 1.1.22] cargo:rustc-link-search=native=/users/ddavis65/zdriver/target/release/build/libz-sys-2b6f2cbf997d1826/out/lib
[libz-sys 1.1.22] cargo:include=/users/ddavis65/zdriver/target/release/build/libz-sys-2b6f2cbf997d1826/out/include
     Running `CARGO=/users/ddavis65/.rustup/toolchains/1.77.0-x86_64-unknown-linux-gnu/bin/cargo CARGO_CRATE_NAME=libz_sys CARGO_MANIFEST_DIR=/users/ddavis65/libz-sys CARGO_PKG_AUTHORS='Alex Crichton <alex@alexcrichton.com>:Josh Triplett <josh@joshtriplett.org>:Sebastian Thiel <sebastian.thiel@icloud.com>' CARGO_PKG_DESCRIPTION='Low-level bindings to the system libz library (also known as zlib).' CARGO_PKG_HOMEPAGE='' CARGO_PKG_LICENSE='MIT OR Apache-2.0' CARGO_PKG_LICENSE_FILE='' CARGO_PKG_NAME=libz-sys CARGO_PKG_README=README.md CARGO_PKG_REPOSITORY='https://github.com/rust-lang/libz-sys' CARGO_PKG_RUST_VERSION='' CARGO_PKG_VERSION=1.1.22 CARGO_PKG_VERSION_MAJOR=1 CARGO_PKG_VERSION_MINOR=1 CARGO_PKG_VERSION_PATCH=22 CARGO_PKG_VERSION_PRE='' LD_LIBRARY_PATH='/users/ddavis65/zdriver/target/release/deps:/users/ddavis65/.rustup/toolchains/1.77.0-x86_64-unknown-linux-gnu/lib:/users/ddavis65/.rustup/toolchains/1.77.0-x86_64-unknown-linux-gnu/lib' OUT_DIR=/users/ddavis65/zdriver/target/release/build/libz-sys-2b6f2cbf997d1826/out /users/ddavis65/.rustup/toolchains/1.77.0-x86_64-unknown-linux-gnu/bin/rustc --crate-name libz_sys --edition=2018 /users/ddavis65/libz-sys/src/lib.rs --error-format=json --json=diagnostic-rendered-ansi,artifacts,future-incompat --crate-type lib --emit=dep-info,metadata,link -C opt-level=3 -C embed-bitcode=no --warn=unexpected_cfgs --cfg 'feature="libc"' --cfg 'feature="static"' -C metadata=74b50e702475f077 -C extra-filename=-74b50e702475f077 --out-dir /users/ddavis65/zdriver/target/release/deps -C strip=debuginfo -L dependency=/users/ddavis65/zdriver/target/release/deps --extern libc=/users/ddavis65/zdriver/target/release/deps/liblibc-25fa7b873cc23f37.rmeta -C linker-plugin-lto -C opt-level=3 -C codegen-units=1 -C linker=clang-17 -C link-arg=-fuse-ld=lld -C link-arg=-Wl,--lto-O3 -C link-arg=-Wl,--time-trace -L native=/users/ddavis65/zdriver/target/release/build/libz-sys-2b6f2cbf997d1826/out/lib -L native=/users/ddavis65/zdriver/target/release/build/libz-sys-2b6f2cbf997d1826/out/lib -l static=z`
   Compiling zdriver v0.1.0 (/users/ddavis65/zdriver)
     Running `CARGO=/users/ddavis65/.rustup/toolchains/1.77.0-x86_64-unknown-linux-gnu/bin/cargo CARGO_BIN_NAME=zdriver CARGO_CRATE_NAME=zdriver CARGO_MANIFEST_DIR=/users/ddavis65/zdriver CARGO_PKG_AUTHORS='' CARGO_PKG_DESCRIPTION='' CARGO_PKG_HOMEPAGE='' CARGO_PKG_LICENSE='' CARGO_PKG_LICENSE_FILE='' CARGO_PKG_NAME=zdriver CARGO_PKG_README='' CARGO_PKG_REPOSITORY='' CARGO_PKG_RUST_VERSION='' CARGO_PKG_VERSION=0.1.0 CARGO_PKG_VERSION_MAJOR=0 CARGO_PKG_VERSION_MINOR=1 CARGO_PKG_VERSION_PATCH=0 CARGO_PKG_VERSION_PRE='' CARGO_PRIMARY_PACKAGE=1 LD_LIBRARY_PATH='/users/ddavis65/zdriver/target/release/deps:/users/ddavis65/.rustup/toolchains/1.77.0-x86_64-unknown-linux-gnu/lib:/users/ddavis65/.rustup/toolchains/1.77.0-x86_64-unknown-linux-gnu/lib' /users/ddavis65/.rustup/toolchains/1.77.0-x86_64-unknown-linux-gnu/bin/rustc --crate-name zdriver --edition=2021 src/main.rs --error-format=json --json=diagnostic-rendered-ansi,artifacts,future-incompat --crate-type bin --emit=dep-info,link -C opt-level=3 -C embed-bitcode=no -C metadata=a673485c81b036df -C extra-filename=-a673485c81b036df --out-dir /users/ddavis65/zdriver/target/release/deps -C strip=debuginfo -L dependency=/users/ddavis65/zdriver/target/release/deps --extern libz_sys=/users/ddavis65/zdriver/target/release/deps/liblibz_sys-74b50e702475f077.rlib -C linker-plugin-lto -C opt-level=3 -C codegen-units=1 -C linker=clang-17 -C link-arg=-fuse-ld=lld -C link-arg=-Wl,--lto-O3 -C link-arg=-Wl,--time-trace -L native=/users/ddavis65/zdriver/target/release/build/libz-sys-2b6f2cbf997d1826/out/lib -L native=/users/ddavis65/zdriver/target/release/build/libz-sys-2b6f2cbf997d1826/out/lib`
    Finished release [optimized] target(s) in 7.97s
